[18:12:38] [main/INFO]: Logging in with username & password
[18:12:42] [Client thread/INFO]: Setting user: GALAXYCOMET2002
[18:12:47] [Client thread/WARN]: Skipping bad option: lastServer:
[18:12:47] [Client thread/INFO]: LWJGL Version: 2.9.2
[18:12:50] [Client thread/INFO]: Reloading ResourceManager: Default, FMLFileResourcePack:Forge Mod Loader, FMLFileResourcePack:Minecraft Forge, FMLFileResourcePack:innovativetransport
[18:12:53] [Sound Library Loader/INFO]: Starting up SoundSystem...
[18:12:53] [Thread-6/INFO]: Initializing LWJGL OpenAL
[18:12:53] [Thread-6/INFO]: (The LWJGL binding of OpenAL.  For more information, see http://www.lwjgl.org)
[18:12:53] [Thread-6/INFO]: OpenAL initialized.
[18:12:53] [Sound Library Loader/INFO]: Sound engine started
[18:12:55] [Client thread/INFO]: Created: 16x16 textures-atlas
[18:12:57] [Client thread/INFO]: Reloading ResourceManager: Default, FMLFileResourcePack:Forge Mod Loader, FMLFileResourcePack:Minecraft Forge, FMLFileResourcePack:innovativetransport
[18:12:59] [Client thread/INFO]: SoundSystem shutting down...
[18:12:59] [Client thread/WARN]: Author: Paul Lamb, www.paulscode.com
[18:12:59] [Sound Library Loader/INFO]: Starting up SoundSystem...
[18:12:59] [Thread-8/INFO]: Initializing LWJGL OpenAL
[18:12:59] [Thread-8/INFO]: (The LWJGL binding of OpenAL.  For more information, see http://www.lwjgl.org)
[18:12:59] [Thread-8/INFO]: OpenAL initialized.
[18:12:59] [Sound Library Loader/INFO]: Sound engine started
[18:13:01] [Client thread/INFO]: Created: 512x512 textures-atlas
[18:13:02] [Client thread/WARN]: Skipping bad option: lastServer:
[18:14:01] [Server thread/INFO]: Starting integrated minecraft server version 1.10.2
[18:14:01] [Server thread/INFO]: Generating keypair
[18:14:02] [Server thread/INFO]: Preparing start region for level 0
[18:14:03] [Server thread/INFO]: Preparing spawn area: 40%
[18:14:03] [Server thread/INFO]: Changing view distance to 12, from 10
[18:14:05] [Server thread/INFO]: GALAXYCOMET2002[local:E:40a4c063] logged in with entity id 182 at (-166.44823567600122, 64.0, 261.45034254566326)
[18:14:05] [Server thread/INFO]: GALAXYCOMET2002 joined the game
[18:14:07] [Server thread/INFO]: Saving and pausing game...
[18:14:07] [Server thread/INFO]: Saving chunks for level 'New World'/Overworld
[18:14:07] [Server thread/INFO]: Saving chunks for level 'New World'/Nether
[18:14:07] [Server thread/INFO]: Saving chunks for level 'New World'/The End
[18:14:26] [Server thread/INFO]: Saving and pausing game...
[18:14:26] [Server thread/INFO]: Saving chunks for level 'New World'/Overworld
[18:14:26] [Server thread/INFO]: Saving chunks for level 'New World'/Nether
[18:14:26] [Server thread/INFO]: Saving chunks for level 'New World'/The End
